<?xml version="1.0" encoding="UTF-8"?>
<testng-results skipped="0" failed="0" ignored="0" total="2" passed="2">
  <reporter-output>
  </reporter-output>
  <suite name="Default suite" duration-ms="14344" started-at="2020-04-21T11:41:20 EDT" finished-at="2020-04-21T11:41:34 EDT">
    <groups>
    </groups>
    <test name="Default test" duration-ms="14344" started-at="2020-04-21T11:41:20 EDT" finished-at="2020-04-21T11:41:34 EDT">
      <class name="tests.PageOneTest">
        <test-method status="PASS" signature="LogIn()[pri:0, instance:tests.PageOneTest@65e2dbf3]" name="LogIn" duration-ms="12976" started-at="2020-04-21T11:41:20 EDT" finished-at="2020-04-21T11:41:33 EDT">
          <reporter-output>
          </reporter-output>
        </test-method> <!-- LogIn -->
        <test-method status="PASS" signature="PracticTest()[pri:0, instance:tests.PageOneTest@65e2dbf3]" name="PracticTest" duration-ms="1341" started-at="2020-04-21T11:41:33 EDT" finished-at="2020-04-21T11:41:34 EDT">
          <reporter-output>
          </reporter-output>
        </test-method> <!-- PracticTest -->
      </class> <!-- tests.PageOneTest -->
    </test> <!-- Default test -->
  </suite> <!-- Default suite -->
</testng-results>
